#
# A fatal error has been detected by the Java Runtime Environment:
#
#  Internal Error (javaClasses.cpp:127), pid=9104, tid=7048
#  fatal error: Invalid layout of preloaded class
#
# JRE version:  (8.0_45-b15) (build )
# Java VM: Java HotSpot(TM) 64-Bit Server VM (25.45-b02 mixed mode windows-amd64 compressed oops)
# Failed to write core dump. Minidumps are not enabled by default on client versions of Windows
#
# If you would like to submit a bug report, please visit:
#   http://bugreport.java.com/bugreport/crash.jsp
#

---------------  T H R E A D  ---------------

Current thread (0x00000000027f0800):  JavaThread "Unknown thread" [_thread_in_vm, id=7048, stack(0x00000000026f0000,0x00000000027f0000)]

Stack: [0x00000000026f0000,0x00000000027f0000]
Native frames: (J=compiled Java code, j=interpreted, Vv=VM code, C=native code)
V  [jvm.dll+0x32b57a]
V  [jvm.dll+0x279873]
V  [jvm.dll+0x27a509]
V  [jvm.dll+0x2717a6]
V  [jvm.dll+0x68183]
V  [jvm.dll+0x68273]
V  [jvm.dll+0x7d74a]
V  [jvm.dll+0x7dab6]
V  [jvm.dll+0xf2157]
V  [jvm.dll+0xf24e6]
V  [jvm.dll+0x20f097]
V  [jvm.dll+0x240e0a]
V  [jvm.dll+0x15ba41]
C  [javaw.exe+0x217e]
C  [javaw.exe+0xcd17]
C  [javaw.exe+0xcdab]
C  [KERNEL32.DLL+0x13d2]
C  [ntdll.dll+0x15454]


---------------  P R O C E S S  ---------------

Java Threads: ( => current thread )

Other Threads:

=>0x00000000027f0800 (exited) JavaThread "Unknown thread" [_thread_in_vm, id=7048, stack(0x00000000026f0000,0x00000000027f0000)]

VM state:not at safepoint (not fully initialized)

VM Mutex/Monitor currently owned by a thread: None

GC Heap History (0 events):
No events

Deoptimization events (0 events):
No events

Internal exceptions (0 events):
No events

Events (10 events):
Event: 0.014 loading class java/lang/CharSequence done
Event: 0.014 loading class java/lang/String done
Event: 0.014 loading class java/lang/Class
Event: 0.014 loading class java/lang/reflect/AnnotatedElement
Event: 0.014 loading class java/lang/reflect/AnnotatedElement done
Event: 0.014 loading class java/lang/reflect/GenericDeclaration
Event: 0.014 loading class java/lang/reflect/GenericDeclaration done
Event: 0.014 loading class java/lang/reflect/Type
Event: 0.014 loading class java/lang/reflect/Type done
Event: 0.014 loading class java/lang/Class done


Dynamic libraries:
0x00007ff602ac0000 - 0x00007ff602af7000 	C:\Program Files\Java\jre1.8.0_45\bin\javaw.exe
0x00007ff98ec10000 - 0x00007ff98edbc000 	C:\Windows\SYSTEM32\ntdll.dll
0x00007ff98e5a0000 - 0x00007ff98e6de000 	C:\Windows\system32\KERNEL32.DLL
0x00007ff98c170000 - 0x00007ff98c285000 	C:\Windows\system32\KERNELBASE.dll
0x00007ff98a8d0000 - 0x00007ff98a95e000 	C:\Windows\system32\apphelp.dll
0x00007ff980310000 - 0x00007ff980363000 	C:\Windows\AppPatch\AppPatch64\AcGenral.DLL
0x00007ff98eb00000 - 0x00007ff98ebaa000 	C:\Windows\system32\msvcrt.dll
0x00007ff98bb00000 - 0x00007ff98bb2e000 	C:\Windows\SYSTEM32\SspiCli.dll
0x00007ff98ebb0000 - 0x00007ff98ec04000 	C:\Windows\system32\SHLWAPI.dll
0x00007ff98c340000 - 0x00007ff98c4b7000 	C:\Windows\system32\USER32.dll
0x00007ff98e7b0000 - 0x00007ff98e944000 	C:\Windows\system32\ole32.dll
0x00007ff98c580000 - 0x00007ff98daab000 	C:\Windows\system32\SHELL32.dll
0x00007ff98b2e0000 - 0x00007ff98b301000 	C:\Windows\SYSTEM32\USERENV.dll
0x00007ff98c290000 - 0x00007ff98c33a000 	C:\Windows\system32\ADVAPI32.dll
0x00007ff981250000 - 0x00007ff98126e000 	C:\Windows\SYSTEM32\MPR.dll
0x00007ff98e0a0000 - 0x00007ff98e1e1000 	C:\Windows\system32\RPCRT4.dll
0x00007ff98e350000 - 0x00007ff98e3a9000 	C:\Windows\SYSTEM32\sechost.dll
0x00007ff98dd00000 - 0x00007ff98df11000 	C:\Windows\SYSTEM32\combase.dll
0x00007ff98df50000 - 0x00007ff98e09f000 	C:\Windows\system32\GDI32.dll
0x00007ff98bd60000 - 0x00007ff98bd75000 	C:\Windows\SYSTEM32\profapi.dll
0x00007ff98a560000 - 0x00007ff98a612000 	C:\Windows\SYSTEM32\SHCORE.dll
0x00007ff98e550000 - 0x00007ff98e586000 	C:\Windows\system32\IMM32.DLL
0x00007ff98e1f0000 - 0x00007ff98e342000 	C:\Windows\system32\MSCTF.dll
0x00007ff98bd20000 - 0x00007ff98bd4f000 	C:\Windows\system32\nvinitx.dll
0x000000000f000000 - 0x000000000f006000 	C:\Program Files\NVIDIA Corporation\CoProcManager\detoured.dll
0x00007ff9897c0000 - 0x00007ff98981f000 	C:\Program Files\NVIDIA Corporation\CoProcManager\nvd3d9wrapx.dll
0x00007ff98dab0000 - 0x00007ff98dc8a000 	C:\Windows\system32\SETUPAPI.dll
0x00007ff98c120000 - 0x00007ff98c16f000 	C:\Windows\system32\CFGMGR32.dll
0x00007ff989010000 - 0x00007ff989056000 	C:\Program Files\NVIDIA Corporation\CoProcManager\nvdxgiwrapx.dll
0x00007ff98a0e0000 - 0x00007ff98a35b000 	C:\Windows\WinSxS\amd64_microsoft.windows.common-controls_6595b64144ccf1df_6.0.9600.18006_none_623f33d3ecbe86e8\COMCTL32.dll
0x00000000593b0000 - 0x0000000059482000 	C:\Program Files\Java\jre1.8.0_45\bin\msvcr100.dll
0x0000000059560000 - 0x0000000059de3000 	C:\Program Files\Java\jre1.8.0_45\bin\server\jvm.dll
0x00007ff982050000 - 0x00007ff982059000 	C:\Windows\SYSTEM32\WSOCK32.dll
0x00007ff986d20000 - 0x00007ff986d42000 	C:\Windows\SYSTEM32\WINMM.dll
0x00007ff986d50000 - 0x00007ff986d5a000 	C:\Windows\SYSTEM32\VERSION.dll
0x00007ff98df40000 - 0x00007ff98df47000 	C:\Windows\system32\PSAPI.DLL
0x00007ff98e4d0000 - 0x00007ff98e52a000 	C:\Windows\system32\WS2_32.dll
0x00007ff986550000 - 0x00007ff98657a000 	C:\Windows\SYSTEM32\WINMMBASE.dll
0x00007ff98df30000 - 0x00007ff98df39000 	C:\Windows\system32\NSI.dll
0x00007ff98ab20000 - 0x00007ff98ab48000 	C:\Windows\SYSTEM32\DEVOBJ.dll
0x0000000059550000 - 0x000000005955f000 	C:\Program Files\Java\jre1.8.0_45\bin\verify.dll
0x0000000059520000 - 0x0000000059549000 	C:\Program Files\Java\jre1.8.0_45\bin\java.dll
0x0000000059500000 - 0x0000000059516000 	C:\Program Files\Java\jre1.8.0_45\bin\zip.dll
0x00007ff985d90000 - 0x00007ff985f19000 	C:\Windows\SYSTEM32\dbghelp.dll

VM Arguments:
jvm_args: -Dfile.encoding=Cp1252 -Xbootclasspath:C:\Users\Kostadin\android-sdks\platforms\android-23\android.jar 
java_command: com.example.smartshoppingproto.JsonReader
java_class_path (initial): C:\Users\Kostadin\workspace\smartShoppingProto\bin\classes;C:\Users\Kostadin\workspace\appcompat_v7\libs\android-support-v4.jar;C:\Users\Kostadin\workspace\appcompat_v7\libs\android-support-v7-appcompat.jar;C:\Users\Kostadin\workspace\appcompat_v7\bin\appcompat_v7.jar;C:\Users\Kostadin\Desktop\apache-httpcomponents-httpcore.jar;C:\Users\Kostadin\Desktop\apache-httpcomponents-httpclient.jar
Launcher Type: SUN_STANDARD

Environment Variables:
PATH=C:/Program Files/Java/jre1.8.0_45/bin/server;C:/Program Files/Java/jre1.8.0_45/bin;C:/Program Files/Java/jre1.8.0_45/lib/amd64;C:\ProgramData\Oracle\Java\javapath;C:\Windows\system32;C:\Windows;C:\Windows\System32\Wbem;C:\Windows\System32\WindowsPowerShell\v1.0\;C:\Program Files\TortoiseSVN\bin;C:\Program Files (x86)\Skype\Phone\;C:\Users\Kostadin\Desktop;
USERNAME=Kostadin
OS=Windows_NT
PROCESSOR_IDENTIFIER=Intel64 Family 6 Model 58 Stepping 9, GenuineIntel



---------------  S Y S T E M  ---------------

OS: Windows 8.1 , 64 bit Build 9600 (6.3.9600.17415)

CPU:total 8 (4 cores per cpu, 2 threads per core) family 6 model 58 stepping 9, cmov, cx8, fxsr, mmx, sse, sse2, sse3, ssse3, sse4.1, sse4.2, popcnt, avx, aes, clmul, erms, ht, tsc, tscinvbit, tscinv

Memory: 4k page, physical 4077180k(933360k free), swap 8201932k(2458148k free)

vm_info: Java HotSpot(TM) 64-Bit Server VM (25.45-b02) for windows-amd64 JRE (1.8.0_45-b15), built on Apr 30 2015 12:40:44 by "java_re" with MS VC++ 10.0 (VS2010)

time: Tue Nov 17 17:58:47 2015
elapsed time: 0 seconds (0d 0h 0m 0s)

