#
# A fatal error has been detected by the Java Runtime Environment:
#
#  Internal Error (javaClasses.cpp:127), pid=9908, tid=2864
#  fatal error: Invalid layout of preloaded class
#
# JRE version:  (8.0_45-b15) (build )
# Java VM: Java HotSpot(TM) 64-Bit Server VM (25.45-b02 mixed mode windows-amd64 compressed oops)
# Failed to write core dump. Minidumps are not enabled by default on client versions of Windows
#
# If you would like to submit a bug report, please visit:
#   http://bugreport.java.com/bugreport/crash.jsp
#

---------------  T H R E A D  ---------------

Current thread (0x00000000027b0800):  JavaThread "Unknown thread" [_thread_in_vm, id=2864, stack(0x0000000002600000,0x0000000002700000)]

Stack: [0x0000000002600000,0x0000000002700000]
Native frames: (J=compiled Java code, j=interpreted, Vv=VM code, C=native code)
V  [jvm.dll+0x32b57a]
V  [jvm.dll+0x279873]
V  [jvm.dll+0x27a509]
V  [jvm.dll+0x2717a6]
V  [jvm.dll+0x68183]
V  [jvm.dll+0x68273]
V  [jvm.dll+0x7d74a]
V  [jvm.dll+0x7dab6]
V  [jvm.dll+0xf2157]
V  [jvm.dll+0xf24e6]
V  [jvm.dll+0x20f097]
V  [jvm.dll+0x240e0a]
V  [jvm.dll+0x15ba41]
C  [javaw.exe+0x217e]
C  [javaw.exe+0xcd17]
C  [javaw.exe+0xcdab]
C  [KERNEL32.DLL+0x13d2]
C  [ntdll.dll+0x15454]


---------------  P R O C E S S  ---------------

Java Threads: ( => current thread )

Other Threads:

=>0x00000000027b0800 (exited) JavaThread "Unknown thread" [_thread_in_vm, id=2864, stack(0x0000000002600000,0x0000000002700000)]

VM state:not at safepoint (not fully initialized)

VM Mutex/Monitor currently owned by a thread: None

GC Heap History (0 events):
No events

Deoptimization events (0 events):
No events

Internal exceptions (0 events):
No events

Events (10 events):
Event: 0.018 loading class java/lang/CharSequence done
Event: 0.018 loading class java/lang/String done
Event: 0.018 loading class java/lang/Class
Event: 0.018 loading class java/lang/reflect/AnnotatedElement
Event: 0.133 loading class java/lang/reflect/AnnotatedElement done
Event: 0.133 loading class java/lang/reflect/GenericDeclaration
Event: 0.133 loading class java/lang/reflect/GenericDeclaration done
Event: 0.133 loading class java/lang/reflect/Type
Event: 0.133 loading class java/lang/reflect/Type done
Event: 0.133 loading class java/lang/Class done


Dynamic libraries:
0x00007ff63e950000 - 0x00007ff63e987000 	C:\Program Files\Java\jre1.8.0_45\bin\javaw.exe
0x00007ff8596d0000 - 0x00007ff85987c000 	C:\Windows\SYSTEM32\ntdll.dll
0x00007ff858850000 - 0x00007ff85898e000 	C:\Windows\system32\KERNEL32.DLL
0x00007ff856c30000 - 0x00007ff856d45000 	C:\Windows\system32\KERNELBASE.dll
0x00007ff855390000 - 0x00007ff85541e000 	C:\Windows\system32\apphelp.dll
0x00007ff848500000 - 0x00007ff848553000 	C:\Windows\AppPatch\AppPatch64\AcGenral.DLL
0x00007ff8594f0000 - 0x00007ff85959a000 	C:\Windows\system32\msvcrt.dll
0x00007ff8565c0000 - 0x00007ff8565ee000 	C:\Windows\SYSTEM32\SspiCli.dll
0x00007ff858c00000 - 0x00007ff858c54000 	C:\Windows\system32\SHLWAPI.dll
0x00007ff858fb0000 - 0x00007ff859127000 	C:\Windows\system32\USER32.dll
0x00007ff859350000 - 0x00007ff8594e4000 	C:\Windows\system32\ole32.dll
0x00007ff856d50000 - 0x00007ff85827b000 	C:\Windows\system32\SHELL32.dll
0x00007ff855d50000 - 0x00007ff855d71000 	C:\Windows\SYSTEM32\USERENV.dll
0x00007ff858e90000 - 0x00007ff858f3a000 	C:\Windows\system32\ADVAPI32.dll
0x00007ff84c1e0000 - 0x00007ff84c1fe000 	C:\Windows\SYSTEM32\MPR.dll
0x00007ff8589f0000 - 0x00007ff858b31000 	C:\Windows\system32\RPCRT4.dll
0x00007ff8585f0000 - 0x00007ff858649000 	C:\Windows\SYSTEM32\sechost.dll
0x00007ff858c70000 - 0x00007ff858e81000 	C:\Windows\SYSTEM32\combase.dll
0x00007ff859200000 - 0x00007ff85934f000 	C:\Windows\system32\GDI32.dll
0x00007ff856820000 - 0x00007ff856835000 	C:\Windows\SYSTEM32\profapi.dll
0x00007ff854d60000 - 0x00007ff854e12000 	C:\Windows\SYSTEM32\SHCORE.dll
0x00007ff858650000 - 0x00007ff858686000 	C:\Windows\system32\IMM32.DLL
0x00007ff858490000 - 0x00007ff8585e2000 	C:\Windows\system32\MSCTF.dll
0x00007ff8567e0000 - 0x00007ff85680f000 	C:\Windows\system32\nvinitx.dll
0x000000000f000000 - 0x000000000f006000 	C:\Program Files\NVIDIA Corporation\CoProcManager\detoured.dll
0x00007ff854650000 - 0x00007ff8546af000 	C:\Program Files\NVIDIA Corporation\CoProcManager\nvd3d9wrapx.dll
0x00007ff8582b0000 - 0x00007ff85848a000 	C:\Windows\system32\SETUPAPI.dll
0x00007ff856b80000 - 0x00007ff856bcf000 	C:\Windows\system32\CFGMGR32.dll
0x00007ff854600000 - 0x00007ff854646000 	C:\Program Files\NVIDIA Corporation\CoProcManager\nvdxgiwrapx.dll
0x00007ff8548e0000 - 0x00007ff854b5b000 	C:\Windows\WinSxS\amd64_microsoft.windows.common-controls_6595b64144ccf1df_6.0.9600.18006_none_623f33d3ecbe86e8\COMCTL32.dll
0x00000000639b0000 - 0x0000000063a82000 	C:\Program Files\Java\jre1.8.0_45\bin\msvcr100.dll
0x0000000063b60000 - 0x00000000643e3000 	C:\Program Files\Java\jre1.8.0_45\bin\server\jvm.dll
0x00007ff852790000 - 0x00007ff852799000 	C:\Windows\SYSTEM32\WSOCK32.dll
0x00007ff8515b0000 - 0x00007ff8515d2000 	C:\Windows\SYSTEM32\WINMM.dll
0x00007ff8515e0000 - 0x00007ff8515ea000 	C:\Windows\SYSTEM32\VERSION.dll
0x00007ff858690000 - 0x00007ff858697000 	C:\Windows\system32\PSAPI.DLL
0x00007ff8595a0000 - 0x00007ff8595fa000 	C:\Windows\system32\WS2_32.dll
0x00007ff851570000 - 0x00007ff85159a000 	C:\Windows\SYSTEM32\WINMMBASE.dll
0x00007ff8582a0000 - 0x00007ff8582a9000 	C:\Windows\system32\NSI.dll
0x00007ff855610000 - 0x00007ff855638000 	C:\Windows\SYSTEM32\DEVOBJ.dll
0x0000000063b50000 - 0x0000000063b5f000 	C:\Program Files\Java\jre1.8.0_45\bin\verify.dll
0x0000000063b20000 - 0x0000000063b49000 	C:\Program Files\Java\jre1.8.0_45\bin\java.dll
0x0000000063b00000 - 0x0000000063b16000 	C:\Program Files\Java\jre1.8.0_45\bin\zip.dll
0x00007ff83a040000 - 0x00007ff83a1c9000 	C:\Windows\SYSTEM32\dbghelp.dll

VM Arguments:
jvm_args: -Dfile.encoding=Cp1252 -Xbootclasspath:C:\Users\Kostadin\android-sdks\platforms\android-23\android.jar 
java_command: com.example.smartshoppingproto.JsonReader
java_class_path (initial): C:\Users\Kostadin\workspace\smartShoppingProto\bin\classes;C:\Users\Kostadin\workspace\appcompat_v7\libs\android-support-v4.jar;C:\Users\Kostadin\workspace\appcompat_v7\libs\android-support-v7-appcompat.jar;C:\Users\Kostadin\workspace\appcompat_v7\bin\appcompat_v7.jar;C:\Users\Kostadin\Desktop\apache-httpcomponents-httpcore.jar;C:\Users\Kostadin\Desktop\apache-httpcomponents-httpclient.jar
Launcher Type: SUN_STANDARD

Environment Variables:
PATH=C:/Program Files/Java/jre1.8.0_45/bin/server;C:/Program Files/Java/jre1.8.0_45/bin;C:/Program Files/Java/jre1.8.0_45/lib/amd64;C:\ProgramData\Oracle\Java\javapath;C:\Windows\system32;C:\Windows;C:\Windows\System32\Wbem;C:\Windows\System32\WindowsPowerShell\v1.0\;C:\Program Files\TortoiseSVN\bin;C:\Program Files (x86)\Skype\Phone\;C:\Users\Kostadin\Desktop;
USERNAME=Kostadin
OS=Windows_NT
PROCESSOR_IDENTIFIER=Intel64 Family 6 Model 58 Stepping 9, GenuineIntel



---------------  S Y S T E M  ---------------

OS: Windows 8.1 , 64 bit Build 9600 (6.3.9600.17415)

CPU:total 8 (4 cores per cpu, 2 threads per core) family 6 model 58 stepping 9, cmov, cx8, fxsr, mmx, sse, sse2, sse3, ssse3, sse4.1, sse4.2, popcnt, avx, aes, clmul, erms, ht, tsc, tscinvbit, tscinv

Memory: 4k page, physical 4077180k(517660k free), swap 7653940k(2052912k free)

vm_info: Java HotSpot(TM) 64-Bit Server VM (25.45-b02) for windows-amd64 JRE (1.8.0_45-b15), built on Apr 30 2015 12:40:44 by "java_re" with MS VC++ 10.0 (VS2010)

time: Tue Nov 10 14:12:36 2015
elapsed time: 2 seconds (0d 0h 0m 2s)

